[2021-09-06 08:19:27.570] [exthost] [info] extension host started
[2021-09-06 08:19:29.134] [exthost] [info] extension host started
[2021-09-06 08:19:29.266] [exthost] [info] ExtensionService#_doActivateExtension vscode.grunt {"startup":false,"extensionId":{"value":"vscode.grunt","_lower":"vscode.grunt"},"activationEvent":"onCommand:workbench.action.tasks.runTask"}
[2021-09-06 08:19:29.267] [exthost] [info] ExtensionService#loadCommonJSModule file:///c:/SriramKumarD/My details/OwnProjects/sts-bundle/sts-3.9.10.RELEASE/plugins/com.genuitec.eclipse.code.engine.app.win32.x86_64_3.6.0.202002212104/engine/resources/app/extensions/grunt/dist/main
[2021-09-06 08:19:29.282] [exthost] [info] ExtensionService#_doActivateExtension vscode.gulp {"startup":false,"extensionId":{"value":"vscode.gulp","_lower":"vscode.gulp"},"activationEvent":"onCommand:workbench.action.tasks.runTask"}
[2021-09-06 08:19:29.283] [exthost] [info] ExtensionService#loadCommonJSModule file:///c:/SriramKumarD/My details/OwnProjects/sts-bundle/sts-3.9.10.RELEASE/plugins/com.genuitec.eclipse.code.engine.app.win32.x86_64_3.6.0.202002212104/engine/resources/app/extensions/gulp/dist/main
[2021-09-06 08:19:29.297] [exthost] [info] ExtensionService#_doActivateExtension vscode.jake {"startup":false,"extensionId":{"value":"vscode.jake","_lower":"vscode.jake"},"activationEvent":"onCommand:workbench.action.tasks.runTask"}
[2021-09-06 08:19:29.297] [exthost] [info] ExtensionService#loadCommonJSModule file:///c:/SriramKumarD/My details/OwnProjects/sts-bundle/sts-3.9.10.RELEASE/plugins/com.genuitec.eclipse.code.engine.app.win32.x86_64_3.6.0.202002212104/engine/resources/app/extensions/jake/dist/main
[2021-09-06 08:19:29.318] [exthost] [info] ExtensionService#_doActivateExtension vscode.npm {"startup":false,"extensionId":{"value":"vscode.npm","_lower":"vscode.npm"},"activationEvent":"onCommand:workbench.action.tasks.runTask"}
[2021-09-06 08:19:29.319] [exthost] [info] ExtensionService#loadCommonJSModule file:///c:/SriramKumarD/My details/OwnProjects/sts-bundle/sts-3.9.10.RELEASE/plugins/com.genuitec.eclipse.code.engine.app.win32.x86_64_3.6.0.202002212104/engine/resources/app/extensions/npm/dist/main
[2021-09-06 08:19:29.386] [exthost] [info] ExtensionService#_doActivateExtension vscode.typescript-language-features {"startup":false,"extensionId":{"value":"vscode.typescript-language-features","_lower":"vscode.typescript-language-features"},"activationEvent":"onCommand:workbench.action.tasks.runTask"}
[2021-09-06 08:19:29.386] [exthost] [info] ExtensionService#loadCommonJSModule file:///c:/SriramKumarD/My details/OwnProjects/sts-bundle/sts-3.9.10.RELEASE/plugins/com.genuitec.eclipse.code.engine.app.win32.x86_64_3.6.0.202002212104/engine/resources/app/extensions/typescript-language-features/dist/extension
[2021-09-06 08:19:29.474] [exthost] [info] ExtensionService#_doActivateExtension HookyQR.beautify {"startup":true,"extensionId":{"value":"HookyQR.beautify","_lower":"hookyqr.beautify"},"activationEvent":"*"}
[2021-09-06 08:19:29.474] [exthost] [info] ExtensionService#loadCommonJSModule file:///c:/SriramKumarD/My details/OwnProjects/sts-bundle/sts-3.9.10.RELEASE/plugins/pack.core.win_3.6.0.202007171759/HookyQR.beautify-1.4.11/extension
[2021-09-06 08:19:29.661] [exthost] [info] ExtensionService#_doActivateExtension christian-kohler.path-intellisense {"startup":true,"extensionId":{"value":"christian-kohler.path-intellisense","_lower":"christian-kohler.path-intellisense"},"activationEvent":"*"}
[2021-09-06 08:19:29.662] [exthost] [info] ExtensionService#loadCommonJSModule file:///c:/SriramKumarD/My details/OwnProjects/sts-bundle/sts-3.9.10.RELEASE/plugins/pack.core.win_3.6.0.202007171759/christian-kohler.path-intellisense-1.4.2/out/src/extension
[2021-09-06 08:19:29.721] [exthost] [info] ExtensionService#_doActivateExtension dbaeumer.vscode-eslint {"startup":true,"extensionId":{"value":"dbaeumer.vscode-eslint","_lower":"dbaeumer.vscode-eslint"},"activationEvent":"*"}
[2021-09-06 08:19:29.722] [exthost] [info] ExtensionService#loadCommonJSModule file:///c:/SriramKumarD/My details/OwnProjects/sts-bundle/sts-3.9.10.RELEASE/plugins/pack.core.win_3.6.0.202007171759/dbaeumer.vscode-eslint-1.9.0/client/out/extension
[2021-09-06 08:19:29.764] [exthost] [info] ExtensionService#_doActivateExtension vscode.debug-auto-launch {"startup":true,"extensionId":{"value":"vscode.debug-auto-launch","_lower":"vscode.debug-auto-launch"},"activationEvent":"*"}
[2021-09-06 08:19:29.764] [exthost] [info] ExtensionService#loadCommonJSModule file:///c:/SriramKumarD/My details/OwnProjects/sts-bundle/sts-3.9.10.RELEASE/plugins/com.genuitec.eclipse.code.engine.app.win32.x86_64_3.6.0.202002212104/engine/resources/app/extensions/debug-auto-launch/dist/extension
[2021-09-06 08:19:29.772] [exthost] [info] ExtensionService#_doActivateExtension vscode.emmet {"startup":true,"extensionId":{"value":"vscode.emmet","_lower":"vscode.emmet"},"activationEvent":"*"}
[2021-09-06 08:19:29.773] [exthost] [info] ExtensionService#loadCommonJSModule file:///c:/SriramKumarD/My details/OwnProjects/sts-bundle/sts-3.9.10.RELEASE/plugins/com.genuitec.eclipse.code.engine.app.win32.x86_64_3.6.0.202002212104/engine/resources/app/extensions/emmet/dist/extension
[2021-09-06 08:19:29.829] [exthost] [info] ExtensionService#_doActivateExtension formulahendry.auto-close-tag {"startup":true,"extensionId":{"value":"formulahendry.auto-close-tag","_lower":"formulahendry.auto-close-tag"},"activationEvent":"*"}
[2021-09-06 08:19:29.830] [exthost] [info] ExtensionService#loadCommonJSModule file:///c:/SriramKumarD/My details/OwnProjects/sts-bundle/sts-3.9.10.RELEASE/plugins/pack.core.win_3.6.0.202007171759/formulahendry.auto-close-tag-0.5.6/out/src/extension
[2021-09-06 08:19:30.718] [exthost] [info] eager extensions activated
